1	N	67	copy_process	0
1	J	67	copy_process	0
0	J	68	schedule	-1
1	R	68	schedule	0
2	N	68	copy_process	1
2	J	68	copy_process	1
1	W	68	sys_waitpid	0
2	R	68	schedule	1
3	N	83	copy_process	2
3	J	83	copy_process	2
2	E	87	do_exit	1
1	J	88	schedule	0
1	R	88	schedule	0
4	N	88	copy_process	1
4	J	88	copy_process	1
1	W	88	sys_waitpid	0
3	R	88	schedule	1
3	W	94	sys_pause	1
4	R	94	schedule	1
5	N	126	copy_process	4
5	J	126	copy_process	4
4	W	127	sleep_on	1
5	R	127	schedule	4
4	J	129	wake_up	1
5	E	129	do_exit	4
4	R	129	schedule	1
4	W	135	interruptible_sleep_on	1
0	R	135	schedule	-1
3	J	3093	schedule	1
3	R	3093	schedule	1
3	W	3093	sys_pause	1
0	R	3093	schedule	-1
4	J	3388	wake_up	1
4	R	3388	schedule	1
4	W	3388	interruptible_sleep_on	1
0	R	3388	schedule	-1
4	J	3450	wake_up	1
4	R	3450	schedule	1
4	W	3450	interruptible_sleep_on	1
0	R	3450	schedule	-1
4	J	3539	wake_up	1
4	R	3539	schedule	1
4	W	3539	interruptible_sleep_on	1
0	R	3539	schedule	-1
4	J	3643	wake_up	1
4	R	3643	schedule	1
4	W	3643	interruptible_sleep_on	1
0	R	3644	schedule	-1
4	J	3714	wake_up	1
4	R	3715	schedule	1
4	W	3715	interruptible_sleep_on	1
0	R	3715	schedule	-1
4	J	3776	wake_up	1
4	R	3776	schedule	1
4	W	3776	interruptible_sleep_on	1
0	R	3776	schedule	-1
4	J	3961	wake_up	1
4	R	3961	schedule	1
4	W	3961	interruptible_sleep_on	1
0	R	3961	schedule	-1
4	J	4031	wake_up	1
4	R	4031	schedule	1
4	W	4031	interruptible_sleep_on	1
0	R	4031	schedule	-1
4	J	4110	wake_up	1
4	R	4110	schedule	1
4	W	4110	interruptible_sleep_on	1
0	R	4110	schedule	-1
4	J	4206	wake_up	1
4	R	4206	schedule	1
4	W	4206	interruptible_sleep_on	1
0	R	4206	schedule	-1
4	J	4250	wake_up	1
4	R	4250	schedule	1
4	W	4250	interruptible_sleep_on	1
0	R	4251	schedule	-1
4	J	4329	wake_up	1
4	R	4329	schedule	1
4	W	4329	interruptible_sleep_on	1
0	R	4329	schedule	-1
4	J	4523	wake_up	1
4	R	4523	schedule	1
6	N	4525	copy_process	4
6	J	4525	copy_process	4
4	W	4526	sys_waitpid	1
6	R	4526	schedule	4
6	E	4537	do_exit	4
4	J	4537	schedule	1
4	R	4537	schedule	1
7	N	4538	copy_process	4
7	J	4538	copy_process	4
4	W	4539	sleep_on	1
7	R	4539	schedule	4
4	J	4541	wake_up	1
7	E	4541	do_exit	4
4	R	4542	schedule	1
4	W	4542	interruptible_sleep_on	1
0	R	4542	schedule	-1
4	J	4567	wake_up	1
4	R	4567	schedule	1
4	W	4567	interruptible_sleep_on	1
0	R	4567	schedule	-1
4	J	13918	wake_up	1
4	R	13918	schedule	1
4	W	13918	interruptible_sleep_on	1
0	R	13919	schedule	-1
4	J	14006	wake_up	1
4	R	14006	schedule	1
4	W	14006	interruptible_sleep_on	1
0	R	14006	schedule	-1
4	J	14059	wake_up	1
4	R	14059	schedule	1
4	W	14059	interruptible_sleep_on	1
0	R	14059	schedule	-1
4	J	14155	wake_up	1
4	R	14155	schedule	1
4	W	14155	interruptible_sleep_on	1
0	R	14155	schedule	-1
4	J	14285	wake_up	1
4	R	14285	schedule	1
4	W	14285	interruptible_sleep_on	1
0	R	14285	schedule	-1
4	J	14355	wake_up	1
4	R	14355	schedule	1
4	W	14355	interruptible_sleep_on	1
0	R	14356	schedule	-1
4	J	14566	wake_up	1
4	R	14566	schedule	1
4	W	14566	interruptible_sleep_on	1
0	R	14566	schedule	-1
4	J	14644	wake_up	1
4	R	14644	schedule	1
4	W	14644	interruptible_sleep_on	1
0	R	14644	schedule	-1
4	J	15248	wake_up	1
4	R	15248	schedule	1
4	W	15248	interruptible_sleep_on	1
0	R	15248	schedule	-1
4	J	15327	wake_up	1
4	R	15327	schedule	1
4	W	15327	interruptible_sleep_on	1
0	R	15327	schedule	-1
4	J	15643	wake_up	1
4	R	15643	schedule	1
4	W	15643	interruptible_sleep_on	1
0	R	15643	schedule	-1
4	J	15721	wake_up	1
4	R	15721	schedule	1
4	W	15721	interruptible_sleep_on	1
0	R	15722	schedule	-1
4	J	15801	wake_up	1
4	R	15801	schedule	1
4	W	15801	interruptible_sleep_on	1
0	R	15801	schedule	-1
4	J	15888	wake_up	1
4	R	15888	schedule	1
4	W	15888	interruptible_sleep_on	1
0	R	15888	schedule	-1
4	J	16089	wake_up	1
4	R	16089	schedule	1
4	W	16089	interruptible_sleep_on	1
0	R	16089	schedule	-1
4	J	16203	wake_up	1
4	R	16203	schedule	1
4	W	16203	interruptible_sleep_on	1
0	R	16203	schedule	-1
4	J	16360	wake_up	1
4	R	16360	schedule	1
4	W	16360	interruptible_sleep_on	1
0	R	16360	schedule	-1
4	J	16492	wake_up	1
4	R	16492	schedule	1
4	W	16492	interruptible_sleep_on	1
0	R	16493	schedule	-1
4	J	16588	wake_up	1
4	R	16588	schedule	1
4	W	16588	interruptible_sleep_on	1
0	R	16589	schedule	-1
4	J	16674	wake_up	1
4	R	16674	schedule	1
4	W	16674	interruptible_sleep_on	1
0	R	16674	schedule	-1
4	J	16805	wake_up	1
4	R	16805	schedule	1
4	W	16805	interruptible_sleep_on	1
0	R	16805	schedule	-1
4	J	16948	wake_up	1
4	R	16948	schedule	1
4	W	16949	interruptible_sleep_on	1
0	R	16949	schedule	-1
4	J	16975	wake_up	1
4	R	16975	schedule	1
4	W	16975	interruptible_sleep_on	1
0	R	16975	schedule	-1
4	J	17070	wake_up	1
4	R	17070	schedule	1
4	W	17070	interruptible_sleep_on	1
0	R	17070	schedule	-1
4	J	17193	wake_up	1
4	R	17193	schedule	1
4	W	17193	interruptible_sleep_on	1
0	R	17193	schedule	-1
4	J	17263	wake_up	1
4	R	17263	schedule	1
4	W	17263	interruptible_sleep_on	1
0	R	17263	schedule	-1
4	J	17369	wake_up	1
4	R	17369	schedule	1
4	W	17369	interruptible_sleep_on	1
0	R	17369	schedule	-1
4	J	17456	wake_up	1
4	R	17456	schedule	1
4	W	17456	interruptible_sleep_on	1
0	R	17456	schedule	-1
4	J	17596	wake_up	1
4	R	17596	schedule	1
4	W	17597	interruptible_sleep_on	1
0	R	17597	schedule	-1
4	J	17658	wake_up	1
4	R	17658	schedule	1
4	W	17658	interruptible_sleep_on	1
0	R	17658	schedule	-1
4	J	17931	wake_up	1
4	R	17931	schedule	1
4	W	17931	interruptible_sleep_on	1
0	R	17931	schedule	-1
4	J	18018	wake_up	1
4	R	18018	schedule	1
4	W	18018	interruptible_sleep_on	1
0	R	18018	schedule	-1
4	J	18150	wake_up	1
4	R	18150	schedule	1
4	W	18150	interruptible_sleep_on	1
0	R	18150	schedule	-1
4	J	18247	wake_up	1
4	R	18247	schedule	1
4	W	18247	interruptible_sleep_on	1
0	R	18247	schedule	-1
4	J	18292	wake_up	1
4	R	18292	schedule	1
4	W	18292	interruptible_sleep_on	1
0	R	18292	schedule	-1
4	J	18379	wake_up	1
4	R	18379	schedule	1
4	W	18380	interruptible_sleep_on	1
0	R	18380	schedule	-1
4	J	18477	wake_up	1
4	R	18477	schedule	1
4	W	18477	interruptible_sleep_on	1
0	R	18478	schedule	-1
4	J	18599	wake_up	1
4	R	18599	schedule	1
4	W	18599	interruptible_sleep_on	1
0	R	18599	schedule	-1
4	J	18626	wake_up	1
4	R	18626	schedule	1
4	W	18626	interruptible_sleep_on	1
0	R	18626	schedule	-1
4	J	18722	wake_up	1
4	R	18722	schedule	1
4	W	18722	interruptible_sleep_on	1
0	R	18722	schedule	-1
4	J	18845	wake_up	1
4	R	18845	schedule	1
4	W	18845	interruptible_sleep_on	1
0	R	18845	schedule	-1
4	J	18925	wake_up	1
4	R	18925	schedule	1
4	W	18925	interruptible_sleep_on	1
0	R	18925	schedule	-1
4	J	19021	wake_up	1
4	R	19021	schedule	1
4	W	19021	interruptible_sleep_on	1
0	R	19021	schedule	-1
4	J	19109	wake_up	1
4	R	19109	schedule	1
4	W	19109	interruptible_sleep_on	1
0	R	19109	schedule	-1
4	J	19302	wake_up	1
4	R	19302	schedule	1
4	W	19303	interruptible_sleep_on	1
0	R	19303	schedule	-1
4	J	19381	wake_up	1
4	R	19381	schedule	1
4	W	19381	interruptible_sleep_on	1
0	R	19381	schedule	-1
4	J	19567	wake_up	1
4	R	19567	schedule	1
4	W	19567	interruptible_sleep_on	1
0	R	19567	schedule	-1
4	J	19663	wake_up	1
4	R	19663	schedule	1
4	W	19663	interruptible_sleep_on	1
0	R	19663	schedule	-1
4	J	19680	wake_up	1
4	R	19680	schedule	1
8	N	19682	copy_process	4
8	J	19683	copy_process	4
4	W	19683	sys_waitpid	1
8	R	19683	schedule	4
9	N	19687	copy_process	8
9	J	19688	copy_process	8
8	W	19688	sys_waitpid	4
9	R	19689	schedule	8
9	E	19751	do_exit	8
8	J	19751	schedule	4
8	R	19751	schedule	4
10	N	19752	copy_process	8
10	J	19753	copy_process	8
8	W	19753	sys_waitpid	4
10	R	19753	schedule	8
10	E	19889	do_exit	8
8	J	19889	schedule	4
8	R	19889	schedule	4
11	N	19890	copy_process	8
11	J	19890	copy_process	8
8	W	19891	sys_waitpid	4
11	R	19891	schedule	8
11	E	19937	do_exit	8
8	J	19937	schedule	4
8	R	19937	schedule	4
12	N	19939	copy_process	8
12	J	19939	copy_process	8
8	W	19939	sys_waitpid	4
12	R	19940	schedule	8
12	E	20021	do_exit	8
8	J	20021	schedule	4
8	R	20021	schedule	4
8	E	20023	do_exit	4
4	J	20023	schedule	1
4	R	20023	schedule	1
13	N	20024	copy_process	4
13	J	20024	copy_process	4
4	W	20025	sleep_on	1
13	R	20025	schedule	4
4	J	20027	wake_up	1
13	E	20027	do_exit	4
4	R	20027	schedule	1
4	W	20028	interruptible_sleep_on	1
0	R	20028	schedule	-1
4	J	58093	wake_up	1
4	R	58093	schedule	1
4	W	58093	interruptible_sleep_on	1
0	R	58093	schedule	-1
4	J	58198	wake_up	1
4	R	58198	schedule	1
4	W	58198	interruptible_sleep_on	1
0	R	58198	schedule	-1
4	J	58267	wake_up	1
4	R	58267	schedule	1
4	W	58267	interruptible_sleep_on	1
0	R	58267	schedule	-1
4	J	58379	wake_up	1
4	R	58380	schedule	1
4	W	58380	interruptible_sleep_on	1
0	R	58380	schedule	-1
4	J	59077	wake_up	1
4	R	59077	schedule	1
4	W	59077	interruptible_sleep_on	1
0	R	59077	schedule	-1
4	J	59171	wake_up	1
4	R	59171	schedule	1
4	W	59171	interruptible_sleep_on	1
0	R	59171	schedule	-1
4	J	59293	wake_up	1
4	R	59294	schedule	1
4	W	59294	interruptible_sleep_on	1
0	R	59294	schedule	-1
4	J	59379	wake_up	1
4	R	59379	schedule	1
4	W	59379	interruptible_sleep_on	1
0	R	59379	schedule	-1
4	J	59449	wake_up	1
4	R	59449	schedule	1
4	W	59449	interruptible_sleep_on	1
0	R	59449	schedule	-1
4	J	59535	wake_up	1
4	R	59536	schedule	1
4	W	59536	interruptible_sleep_on	1
0	R	59536	schedule	-1
4	J	59684	wake_up	1
4	R	59684	schedule	1
4	W	59684	interruptible_sleep_on	1
0	R	59684	schedule	-1
4	J	59816	wake_up	1
4	R	59816	schedule	1
4	W	59816	interruptible_sleep_on	1
0	R	59816	schedule	-1
4	J	59849	wake_up	1
4	R	59850	schedule	1
4	W	59850	interruptible_sleep_on	1
0	R	59850	schedule	-1
4	J	60006	wake_up	1
4	R	60006	schedule	1
4	W	60006	interruptible_sleep_on	1
0	R	60006	schedule	-1
4	J	60154	wake_up	1
4	R	60154	schedule	1
4	W	60155	interruptible_sleep_on	1
0	R	60155	schedule	-1
4	J	60233	wake_up	1
4	R	60233	schedule	1
4	W	60233	interruptible_sleep_on	1
0	R	60233	schedule	-1
4	J	60329	wake_up	1
4	R	60329	schedule	1
4	W	60330	interruptible_sleep_on	1
0	R	60330	schedule	-1
4	J	60418	wake_up	1
4	R	60418	schedule	1
4	W	60418	interruptible_sleep_on	1
0	R	60418	schedule	-1
4	J	60921	wake_up	1
4	R	60921	schedule	1
14	N	60922	copy_process	4
14	J	60922	copy_process	4
4	W	60923	sys_waitpid	1
14	R	60923	schedule	4
15	N	60924	copy_process	14
15	J	60925	copy_process	14
16	N	60925	copy_process	14
16	J	60926	copy_process	14
14	W	60926	sys_waitpid	4
16	R	60926	schedule	14
17	N	60926	copy_process	16
17	J	60927	copy_process	16
16	W	60927	sys_pause	14
17	R	60927	schedule	16
17	W	60927	sys_pause	16
15	R	60927	schedule	14
18	N	60927	copy_process	15
18	J	60928	copy_process	15
19	N	60928	copy_process	15
19	J	60929	copy_process	15
15	W	60929	sys_waitpid	14
19	R	60929	schedule	15
19	W	60929	sys_pause	15
18	R	60929	schedule	15
18	W	60930	sys_pause	15
0	R	60930	schedule	-1
17	J	61028	schedule	16
16	J	61028	schedule	14
17	R	61028	schedule	16
17	W	61028	sys_pause	16
16	R	61028	schedule	14
16	W	61028	sys_pause	14
0	R	61028	schedule	-1
19	J	61030	schedule	15
19	R	61030	schedule	15
19	W	61030	sys_pause	15
0	R	61030	schedule	-1
18	J	61031	schedule	15
18	R	61031	schedule	15
18	W	61031	sys_pause	15
0	R	61031	schedule	-1
17	J	61129	schedule	16
16	J	61129	schedule	14
17	R	61129	schedule	16
17	W	61129	sys_pause	16
16	R	61129	schedule	14
16	W	61129	sys_pause	14
0	R	61129	schedule	-1
19	J	61131	schedule	15
19	R	61131	schedule	15
19	W	61131	sys_pause	15
0	R	61131	schedule	-1
18	J	61132	schedule	15
18	R	61132	schedule	15
18	W	61132	sys_pause	15
0	R	61132	schedule	-1
17	J	61230	schedule	16
16	J	61230	schedule	14
17	R	61230	schedule	16
17	W	61230	sys_pause	16
16	R	61230	schedule	14
16	W	61230	sys_pause	14
0	R	61230	schedule	-1
19	J	61232	schedule	15
19	R	61232	schedule	15
19	W	61232	sys_pause	15
0	R	61232	schedule	-1
18	J	61233	schedule	15
18	R	61233	schedule	15
18	W	61233	sys_pause	15
0	R	61233	schedule	-1
17	J	61331	schedule	16
16	J	61331	schedule	14
17	R	61331	schedule	16
17	W	61331	sys_pause	16
16	R	61331	schedule	14
16	W	61331	sys_pause	14
0	R	61331	schedule	-1
19	J	61333	schedule	15
19	R	61333	schedule	15
19	W	61333	sys_pause	15
0	R	61333	schedule	-1
18	J	61334	schedule	15
18	R	61334	schedule	15
18	W	61334	sys_pause	15
0	R	61334	schedule	-1
17	J	61432	schedule	16
16	J	61432	schedule	14
17	R	61432	schedule	16
17	E	61432	do_exit	16
16	R	61432	schedule	14
16	W	61432	sys_pause	14
0	R	61432	schedule	-1
19	J	61434	schedule	15
19	R	61434	schedule	15
19	W	61434	sys_pause	15
0	R	61434	schedule	-1
18	J	61435	schedule	15
18	R	61435	schedule	15
18	W	61435	sys_pause	15
0	R	61435	schedule	-1
16	J	61533	schedule	14
16	R	61533	schedule	14
16	W	61533	sys_pause	14
0	R	61533	schedule	-1
19	J	61535	schedule	15
19	R	61535	schedule	15
19	E	61535	do_exit	15
15	J	61535	schedule	14
15	R	61535	schedule	14
15	W	61535	sys_waitpid	14
0	R	61535	schedule	-1
18	J	61536	schedule	15
18	R	61536	schedule	15
18	W	61536	sys_pause	15
0	R	61536	schedule	-1
16	J	61634	schedule	14
16	R	61634	schedule	14
16	W	61634	sys_pause	14
0	R	61634	schedule	-1
18	J	61637	schedule	15
18	R	61637	schedule	15
18	E	61637	do_exit	15
15	J	61637	schedule	14
15	R	61637	schedule	14
15	E	61638	do_exit	14
14	J	61638	schedule	4
14	R	61638	schedule	4
14	W	61638	sys_waitpid	4
0	R	61638	schedule	-1
16	J	61735	schedule	14
16	R	61735	schedule	14
16	W	61735	sys_pause	14
0	R	61735	schedule	-1
16	J	61836	schedule	14
16	R	61836	schedule	14
16	W	61836	sys_pause	14
0	R	61836	schedule	-1
16	J	61937	schedule	14
16	R	61937	schedule	14
16	E	61937	do_exit	14
14	J	61937	schedule	4
14	R	61937	schedule	4
14	E	61938	do_exit	4
4	J	61938	schedule	1
4	R	61938	schedule	1
20	N	61938	copy_process	4
20	J	61939	copy_process	4
4	W	61939	sleep_on	1
20	R	61939	schedule	4
4	J	61942	wake_up	1
20	E	61942	do_exit	4
4	R	61942	schedule	1
4	W	61943	interruptible_sleep_on	1
0	R	61943	schedule	-1
4	J	132312	wake_up	1
4	R	132312	schedule	1
4	W	132312	interruptible_sleep_on	1
0	R	132312	schedule	-1
4	J	132548	wake_up	1
4	R	132548	schedule	1
4	W	132549	interruptible_sleep_on	1
0	R	132549	schedule	-1
4	J	132699	wake_up	1
4	R	132699	schedule	1
4	W	132699	interruptible_sleep_on	1
0	R	132699	schedule	-1
4	J	132838	wake_up	1
4	R	132838	schedule	1
4	W	132838	interruptible_sleep_on	1
0	R	132838	schedule	-1
4	J	132952	wake_up	1
4	R	132953	schedule	1
4	W	132953	interruptible_sleep_on	1
0	R	132953	schedule	-1
4	J	133040	wake_up	1
4	R	133040	schedule	1
4	W	133040	interruptible_sleep_on	1
0	R	133040	schedule	-1
4	J	133128	wake_up	1
4	R	133128	schedule	1
4	W	133128	interruptible_sleep_on	1
0	R	133128	schedule	-1
4	J	133215	wake_up	1
4	R	133215	schedule	1
4	W	133215	interruptible_sleep_on	1
0	R	133215	schedule	-1
4	J	133610	wake_up	1
4	R	133610	schedule	1
4	W	133610	interruptible_sleep_on	1
0	R	133610	schedule	-1
4	J	133820	wake_up	1
4	R	133821	schedule	1
4	W	133821	interruptible_sleep_on	1
0	R	133821	schedule	-1
4	J	133890	wake_up	1
4	R	133890	schedule	1
4	W	133890	interruptible_sleep_on	1
0	R	133890	schedule	-1
4	J	133934	wake_up	1
4	R	133934	schedule	1
4	W	133934	interruptible_sleep_on	1
0	R	133934	schedule	-1
4	J	133943	wake_up	1
4	R	133943	schedule	1
4	W	133943	interruptible_sleep_on	1
0	R	133943	schedule	-1
4	J	133994	wake_up	1
4	R	133995	schedule	1
4	W	133995	interruptible_sleep_on	1
0	R	133995	schedule	-1
4	J	134488	wake_up	1
4	R	134488	schedule	1
4	W	134488	interruptible_sleep_on	1
0	R	134488	schedule	-1
4	J	134557	wake_up	1
4	R	134557	schedule	1
4	W	134557	interruptible_sleep_on	1
0	R	134557	schedule	-1
4	J	135955	wake_up	1
4	R	135955	schedule	1
4	W	135955	interruptible_sleep_on	1
0	R	135955	schedule	-1
4	J	136049	wake_up	1
4	R	136049	schedule	1
4	W	136049	interruptible_sleep_on	1
0	R	136050	schedule	-1
4	J	137131	wake_up	1
4	R	137131	schedule	1
4	W	137131	interruptible_sleep_on	1
0	R	137132	schedule	-1
4	J	137211	wake_up	1
4	R	137211	schedule	1
4	W	137211	interruptible_sleep_on	1
0	R	137211	schedule	-1
4	J	138193	wake_up	1
4	R	138193	schedule	1
4	W	138193	interruptible_sleep_on	1
0	R	138193	schedule	-1
4	J	138271	wake_up	1
4	R	138271	schedule	1
4	W	138271	interruptible_sleep_on	1
0	R	138271	schedule	-1
4	J	138458	wake_up	1
4	R	138458	schedule	1
21	N	138458	copy_process	4
21	J	138459	copy_process	4
4	W	138459	sleep_on	1
21	R	138459	schedule	4
4	J	138462	wake_up	1
21	E	138462	do_exit	4
4	R	138462	schedule	1
4	W	138463	interruptible_sleep_on	1
0	R	138463	schedule	-1
4	J	138536	wake_up	1
4	R	138536	schedule	1
4	W	138536	interruptible_sleep_on	1
0	R	138536	schedule	-1
4	J	139466	wake_up	1
4	R	139466	schedule	1
4	W	139466	interruptible_sleep_on	1
0	R	139466	schedule	-1
4	J	139579	wake_up	1
4	R	139579	schedule	1
4	W	139579	interruptible_sleep_on	1
0	R	139579	schedule	-1
4	J	140403	wake_up	1
4	R	140403	schedule	1
4	W	140403	interruptible_sleep_on	1
0	R	140403	schedule	-1
4	J	140516	wake_up	1
4	R	140516	schedule	1
4	W	140516	interruptible_sleep_on	1
0	R	140516	schedule	-1
4	J	140805	wake_up	1
4	R	140805	schedule	1
4	W	140805	interruptible_sleep_on	1
0	R	140805	schedule	-1
4	J	140883	wake_up	1
4	R	140883	schedule	1
4	W	140883	interruptible_sleep_on	1
0	R	140883	schedule	-1
4	J	141129	wake_up	1
4	R	141129	schedule	1
4	W	141129	interruptible_sleep_on	1
0	R	141129	schedule	-1
4	J	141216	wake_up	1
4	R	141216	schedule	1
4	W	141216	interruptible_sleep_on	1
0	R	141216	schedule	-1
4	J	141594	wake_up	1
4	R	141594	schedule	1
4	E	141596	do_exit	1
1	J	141596	schedule	0
1	R	141596	schedule	0
